d:\homework\c++\fps\x64\debug\vc143.pdb
d:\homework\c++\fps\x64\debug\vc143.idb
d:\homework\c++\fps\x64\debug\texture.obj
d:\homework\c++\fps\x64\debug\stb_image.obj
d:\homework\c++\fps\x64\debug\shader.obj
d:\homework\c++\fps\x64\debug\scenemodel.obj
d:\homework\c++\fps\x64\debug\resource_manager.obj
d:\homework\c++\fps\x64\debug\main.obj
d:\homework\c++\fps\x64\debug\gamelevel.obj
d:\homework\c++\fps\x64\debug\game.obj
d:\homework\c++\fps\x64\debug\fps.pdb
d:\homework\c++\fps\x64\debug\fps.tlog\cl.command.1.tlog
d:\homework\c++\fps\x64\debug\fps.tlog\cl.read.1.tlog
d:\homework\c++\fps\x64\debug\fps.tlog\cl.write.1.tlog
d:\homework\c++\fps\x64\debug\fps.tlog\link-cvtres.read.1.tlog
d:\homework\c++\fps\x64\debug\fps.tlog\link-cvtres.write.1.tlog
d:\homework\c++\fps\x64\debug\fps.tlog\link-rc.read.1.tlog
d:\homework\c++\fps\x64\debug\fps.tlog\link-rc.write.1.tlog
d:\homework\c++\fps\x64\debug\fps.tlog\link.command.1.tlog
d:\homework\c++\fps\x64\debug\fps.tlog\link.read.1.tlog
d:\homework\c++\fps\x64\debug\fps.tlog\link.read.2.tlog
d:\homework\c++\fps\x64\debug\fps.tlog\link.write.1.tlog
