  game.cpp
glew32s.lib(glew.obj) : warning LNK4099: 未找到 PDB“vc120.pdb”(使用“glew32s.lib(glew.obj)”或在“D:\Homework\C++\FPS\x64\Debug\vc120.pdb”中寻找)；正在链接对象，如同没有调试信息一样
  SOIL.lib(SOIL.obj) : 找到 MSIL .netmodule 或使用 /GL 编译的模块；正在使用 /LTCG 重新启动链接；将 /LTCG 添加到链接命令行以改进链接器性能
LINK : warning LNK4075: 忽略“/INCREMENTAL”(由于“/LTCG”规范)
LINK : warning LNK4098: 默认库“LIBCMT”与其他库的使用冲突；请使用 /NODEFAULTLIB:library
LINK : warning LNK4098: 默认库“MSVCRT”与其他库的使用冲突；请使用 /NODEFAULTLIB:library
  正在生成代码
  已完成代码的生成
glew32s.lib(glew.obj) : warning LNK4099: 未找到 PDB“vc120.pdb”(使用“glew32s.lib(glew.obj)”或在“D:\Homework\C++\FPS\x64\Debug\vc120.pdb”中寻找)；正在链接对象，如同没有调试信息一样
LINK : warning LNK4286: 符号“__glewDeleteProgram”(在“glew32s.lib(glew.obj)”中定义)已由“resource_manager.obj”导入
LINK : warning LNK4286: 符号“__glewAttachShader”(在“glew32s.lib(glew.obj)”中定义)已由“shader.obj”导入
LINK : warning LNK4286: 符号“__glewCompileShader”(在“glew32s.lib(glew.obj)”中定义)已由“shader.obj”导入
LINK : warning LNK4286: 符号“__glewCreateProgram”(在“glew32s.lib(glew.obj)”中定义)已由“shader.obj”导入
LINK : warning LNK4286: 符号“__glewCreateShader”(在“glew32s.lib(glew.obj)”中定义)已由“shader.obj”导入
LINK : warning LNK4286: 符号“__glewDeleteShader”(在“glew32s.lib(glew.obj)”中定义)已由“shader.obj”导入
LINK : warning LNK4286: 符号“__glewGetProgramInfoLog”(在“glew32s.lib(glew.obj)”中定义)已由“shader.obj”导入
LINK : warning LNK4286: 符号“__glewGetProgramiv”(在“glew32s.lib(glew.obj)”中定义)已由“shader.obj”导入
LINK : warning LNK4286: 符号“__glewGetShaderInfoLog”(在“glew32s.lib(glew.obj)”中定义)已由“shader.obj”导入
LINK : warning LNK4286: 符号“__glewGetShaderiv”(在“glew32s.lib(glew.obj)”中定义)已由“shader.obj”导入
LINK : warning LNK4286: 符号“__glewGetUniformLocation”(在“glew32s.lib(glew.obj)”中定义)已由“shader.obj”导入
LINK : warning LNK4286: 符号“__glewLinkProgram”(在“glew32s.lib(glew.obj)”中定义)已由“shader.obj”导入
LINK : warning LNK4286: 符号“__glewShaderSource”(在“glew32s.lib(glew.obj)”中定义)已由“shader.obj”导入
LINK : warning LNK4286: 符号“__glewUniform1f”(在“glew32s.lib(glew.obj)”中定义)已由“shader.obj”导入
LINK : warning LNK4286: 符号“__glewUniform1i”(在“glew32s.lib(glew.obj)”中定义)已由“shader.obj”导入
LINK : warning LNK4286: 符号“__glewUniform2f”(在“glew32s.lib(glew.obj)”中定义)已由“shader.obj”导入
LINK : warning LNK4286: 符号“__glewUniform3f”(在“glew32s.lib(glew.obj)”中定义)已由“shader.obj”导入
LINK : warning LNK4286: 符号“__glewUniform4f”(在“glew32s.lib(glew.obj)”中定义)已由“shader.obj”导入
LINK : warning LNK4286: 符号“__glewUniformMatrix4fv”(在“glew32s.lib(glew.obj)”中定义)已由“shader.obj”导入
LINK : warning LNK4286: 符号“__glewUseProgram”(在“glew32s.lib(glew.obj)”中定义)已由“shader.obj”导入
LINK : warning LNK4286: 符号“__glewActiveTexture”(在“glew32s.lib(glew.obj)”中定义)已由“sprite_renderer.obj”导入
LINK : warning LNK4286: 符号“__glewBindBuffer”(在“glew32s.lib(glew.obj)”中定义)已由“sprite_renderer.obj”导入
LINK : warning LNK4286: 符号“__glewBufferData”(在“glew32s.lib(glew.obj)”中定义)已由“sprite_renderer.obj”导入
LINK : warning LNK4286: 符号“__glewGenBuffers”(在“glew32s.lib(glew.obj)”中定义)已由“sprite_renderer.obj”导入
LINK : warning LNK4286: 符号“__glewEnableVertexAttribArray”(在“glew32s.lib(glew.obj)”中定义)已由“sprite_renderer.obj”导入
LINK : warning LNK4286: 符号“__glewVertexAttribPointer”(在“glew32s.lib(glew.obj)”中定义)已由“sprite_renderer.obj”导入
LINK : warning LNK4286: 符号“__glewBindVertexArray”(在“glew32s.lib(glew.obj)”中定义)已由“sprite_renderer.obj”导入
LINK : warning LNK4286: 符号“__glewDeleteVertexArrays”(在“glew32s.lib(glew.obj)”中定义)已由“sprite_renderer.obj”导入
LINK : warning LNK4286: 符号“__glewGenVertexArrays”(在“glew32s.lib(glew.obj)”中定义)已由“sprite_renderer.obj”导入
  FPS.vcxproj -> D:\Homework\C++\FPS\x64\Debug\FPS.exe
